Attempting auth: Action=login User=Leon
Attempting auth: Action=login User=Leon
Attempting auth: Action=login User=Leon
Attempting auth: Action=login User=Leon
Attempting auth: Action=login User=Leon
Attempting auth: Action=login User=Leon
Attempting auth: Action=login User=Leon
Key pressed: "L" | User: "" | Pass: ""
Key pressed: "e" | User: "L" | Pass: ""
Key pressed: "o" | User: "Le" | Pass: ""
Key pressed: "n" | User: "Leo" | Pass: ""
Key pressed: "tab" | User: "Leon" | Pass: ""
Key pressed: "L" | User: "Leon" | Pass: ""
Key pressed: "e" | User: "Leon" | Pass: "L"
Key pressed: "o" | User: "Leon" | Pass: "Le"
Key pressed: "n" | User: "Leon" | Pass: "Leo"
Key pressed: "enter" | User: "Leon" | Pass: "Leon"
Enter pressed. Values valid? true
Attempting auth: Action=login User=Leon
Key pressed: "L" | User: "" | Pass: ""
Key pressed: "e" | User: "L" | Pass: ""
Key pressed: "o" | User: "Le" | Pass: ""
Key pressed: "n" | User: "Leo" | Pass: ""
Key pressed: "tab" | User: "Leon" | Pass: ""
Key pressed: "L" | User: "Leon" | Pass: ""
Key pressed: "e" | User: "Leon" | Pass: "L"
Key pressed: "o" | User: "Leon" | Pass: "Le"
Key pressed: "n" | User: "Leon" | Pass: "Leo"
Key pressed: "2" | User: "Leon" | Pass: "Leon"
Key pressed: "0" | User: "Leon" | Pass: "Leon2"
Key pressed: "0" | User: "Leon" | Pass: "Leon20"
Key pressed: "8" | User: "Leon" | Pass: "Leon200"
Key pressed: "backspace" | User: "Leon" | Pass: "Leon2008"
Key pressed: "backspace" | User: "Leon" | Pass: "Leon200"
Key pressed: "backspace" | User: "Leon" | Pass: "Leon20"
Key pressed: "backspace" | User: "Leon" | Pass: "Leon2"
Key pressed: "backspace" | User: "Leon" | Pass: "Leon"
Key pressed: "backspace" | User: "Leon" | Pass: "Leo"
Key pressed: "backspace" | User: "Leon" | Pass: "Le"
Key pressed: "backspace" | User: "Leon" | Pass: "L"
Key pressed: "backspace" | User: "Leon" | Pass: ""
Key pressed: "L" | User: "" | Pass: ""
Key pressed: "e" | User: "L" | Pass: ""
Key pressed: "o" | User: "Le" | Pass: ""
Key pressed: "n" | User: "Leo" | Pass: ""
Key pressed: "tab" | User: "Leon" | Pass: ""
Key pressed: "L" | User: "Leon" | Pass: ""
Key pressed: "e" | User: "Leon" | Pass: "L"
Key pressed: "o" | User: "Leon" | Pass: "Le"
Key pressed: "n" | User: "Leon" | Pass: "Leo"
Key pressed: "enter" | User: "Leon" | Pass: "Leon"
Enter pressed. Values valid? true
Attempting auth: Action=login User=Leon
Key pressed: "enter" | User: "Leon" | Pass: "Leon"
Enter pressed. Values valid? true
Attempting auth: Action=login User=Leon
Key pressed: "enter" | User: "Leon" | Pass: "Leon"
Enter pressed. Values valid? true
Attempting auth: Action=login User=Leon
Key pressed: "enter" | User: "Leon" | Pass: "Leon"
Enter pressed. Values valid? true
Attempting auth: Action=login User=Leon
Key pressed: "enter" | User: "Leon" | Pass: "Leon"
Enter pressed. Values valid? true
Attempting auth: Action=login User=Leon
Key pressed: "enter" | User: "Leon" | Pass: "Leon"
Enter pressed. Values valid? true
Attempting auth: Action=login User=Leon
Key pressed: "enter" | User: "Leon" | Pass: "Leon"
Enter pressed. Values valid? true
Attempting auth: Action=login User=Leon
Dialing WebSocket: ws://localhost:3567/ws
WebSocket Connected successfully to ws://localhost:3567/ws
Key pressed: "L" | User: "" | Pass: ""
Key pressed: "e" | User: "L" | Pass: ""
Key pressed: "o" | User: "Le" | Pass: ""
Key pressed: "n" | User: "Leo" | Pass: ""
Key pressed: "tab" | User: "Leon" | Pass: ""
Key pressed: "L" | User: "Leon" | Pass: ""
Key pressed: "e" | User: "Leon" | Pass: "L"
Key pressed: "o" | User: "Leon" | Pass: "Le"
Key pressed: "n" | User: "Leon" | Pass: "Leo"
Key pressed: "2" | User: "Leon" | Pass: "Leon"
Key pressed: "backspace" | User: "Leon" | Pass: "Leon2"
Key pressed: "backspace" | User: "Leon" | Pass: "Leon"
Key pressed: "backspace" | User: "Leon" | Pass: "Leo"
Key pressed: "backspace" | User: "Leon" | Pass: "Le"
Key pressed: "backspace" | User: "Leon" | Pass: "L"
Key pressed: "L" | User: "Leon" | Pass: ""
Key pressed: "e" | User: "Leon" | Pass: "L"
Key pressed: "o" | User: "Leon" | Pass: "Le"
Key pressed: "n" | User: "Leon" | Pass: "Leo"
Key pressed: "enter" | User: "Leon" | Pass: "Leon"
Enter pressed. Values valid? true
Attempting auth: Action=login User=Leon
Key pressed: "enter" | User: "Leon" | Pass: "Leon"
Enter pressed. Values valid? true
Attempting auth: Action=login User=Leon
Key pressed: "enter" | User: "Leon" | Pass: "Leon"
Enter pressed. Values valid? true
Attempting auth: Action=login User=Leon
Key pressed: "enter" | User: "Leon" | Pass: "Leon"
Enter pressed. Values valid? true
Attempting auth: Action=login User=Leon
Key pressed: "enter" | User: "Leon" | Pass: "Leon"
Enter pressed. Values valid? true
Attempting auth: Action=login User=Leon
Key pressed: "enter" | User: "Leon" | Pass: "Leon"
Enter pressed. Values valid? true
Attempting auth: Action=login User=Leon
Key pressed: "enter" | User: "Leon" | Pass: "Leon"
Enter pressed. Values valid? true
Attempting auth: Action=login User=Leon
Dialing WebSocket: ws://localhost:3567/ws
WebSocket Connected successfully to ws://localhost:3567/ws
Key pressed: "L" | User: "" | Pass: ""
Key pressed: "e" | User: "L" | Pass: ""
Key pressed: "o" | User: "Le" | Pass: ""
Key pressed: "n" | User: "Leo" | Pass: ""
Key pressed: "tab" | User: "Leon" | Pass: ""
Key pressed: "L" | User: "Leon" | Pass: ""
Key pressed: "e" | User: "Leon" | Pass: "L"
Key pressed: "o" | User: "Leon" | Pass: "Le"
Key pressed: "n" | User: "Leon" | Pass: "Leo"
Key pressed: "enter" | User: "Leon" | Pass: "Leon"
Enter pressed. Values valid? true
Attempting auth: Action=login User=Leon
Key pressed: "backspace" | User: "Leon" | Pass: "Leon"
Key pressed: "backspace" | User: "Leon" | Pass: "Leo"
Key pressed: "backspace" | User: "Leon" | Pass: "Le"
Key pressed: "backspace" | User: "Leon" | Pass: "L"
Key pressed: "backspace" | User: "Leon" | Pass: ""
Key pressed: "l" | User: "Leon" | Pass: ""
Key pressed: "e" | User: "Leon" | Pass: "l"
Key pressed: "o" | User: "Leon" | Pass: "le"
Key pressed: "n" | User: "Leon" | Pass: "leo"
Key pressed: "enter" | User: "Leon" | Pass: "leon"
Enter pressed. Values valid? true
Attempting auth: Action=login User=Leon
Key pressed: "backspace" | User: "Leon" | Pass: "leon"
Key pressed: "backspace" | User: "Leon" | Pass: "leo"
Key pressed: "backspace" | User: "Leon" | Pass: "le"
Key pressed: "backspace" | User: "Leon" | Pass: "l"
Key pressed: "backspace" | User: "Leon" | Pass: ""
Key pressed: "L" | User: "Leon" | Pass: ""
Key pressed: "e" | User: "Leon" | Pass: "L"
Key pressed: "o" | User: "Leon" | Pass: "Le"
Key pressed: "n" | User: "Leon" | Pass: "Leo"
Key pressed: "enter" | User: "Leon" | Pass: "Leon"
Enter pressed. Values valid? true
Attempting auth: Action=login User=Leon
Dialing WebSocket: ws://localhost:3567/ws
WebSocket Connected successfully to ws://localhost:3567/ws
Received WS Message: {"conversations":null,"type":"auth_success","user_id":1,"username":"Leon"}
Processing Message Type: auth_success
Key pressed: "L" | User: "" | Pass: ""
Key pressed: "e" | User: "L" | Pass: ""
Key pressed: "o" | User: "Le" | Pass: ""
Key pressed: "n" | User: "Leo" | Pass: ""
Key pressed: "tab" | User: "Leon" | Pass: ""
Key pressed: "L" | User: "Leon" | Pass: ""
Key pressed: "e" | User: "Leon" | Pass: "L"
Key pressed: "o" | User: "Leon" | Pass: "Le"
Key pressed: "n" | User: "Leon" | Pass: "Leo"
Key pressed: "enter" | User: "Leon" | Pass: "Leon"
Enter pressed. Values valid? true
Attempting auth: Action=login User=Leon
Received WS Message: {"conversations":null,"type":"auth_success","user_id":1,"username":"Leon"}
Processing Message Type: auth_success
Key pressed: "enter" | User: "Leon" | Pass: "Leon"
Enter pressed. Values valid? true
Attempting auth: Action=login User=Leon
Received WS Message: {"conversations":null,"type":"auth_success","user_id":1,"username":"Leon"}
Processing Message Type: auth_success
Key pressed: "enter" | User: "Leon" | Pass: "Leon"
Enter pressed. Values valid? true
Attempting auth: Action=login User=Leon
Received WS Message: {"conversations":null,"type":"auth_success","user_id":1,"username":"Leon"}
Processing Message Type: auth_success
Dialing WebSocket: ws://localhost:3567/ws
WebSocket Connected successfully to ws://localhost:3567/ws
Received WS Message: {"conversations":null,"type":"auth_success","user_id":1,"username":"Leon"}
Processing Message Type: auth_success
Dialing WebSocket: ws://localhost:3567/ws
WebSocket Connected successfully to ws://localhost:3567/ws
Key pressed: "tab" | User: "" | Pass: ""
Key pressed: "tab" | User: "" | Pass: ""
Key pressed: "ctrl+r" | User: "" | Pass: ""
Key pressed: "L" | User: "" | Pass: ""
Key pressed: "backspace" | User: "L" | Pass: ""
Key pressed: "L" | User: "" | Pass: ""
Key pressed: "e" | User: "L" | Pass: ""
Key pressed: "o" | User: "Le" | Pass: ""
Key pressed: "n" | User: "Leo" | Pass: ""
Key pressed: "2" | User: "Leon" | Pass: ""
Key pressed: "tab" | User: "Leon2" | Pass: ""
Key pressed: "L" | User: "Leon2" | Pass: ""
Key pressed: "e" | User: "Leon2" | Pass: "L"
Key pressed: "o" | User: "Leon2" | Pass: "Le"
Key pressed: "n" | User: "Leon2" | Pass: "Leo"
Key pressed: "2" | User: "Leon2" | Pass: "Leon"
Key pressed: "enter" | User: "Leon2" | Pass: "Leon2"
Enter pressed. Values valid? true
Attempting auth: Action=register User=Leon2
Received WS Message: {"conversations":null,"type":"auth_success","user_id":3,"username":"Leon2"}
Processing Message Type: auth_success
Received WS Message: {"conversation":{"id":1,"is_group":false,"created_at":"0001-01-01T00:00:00Z","unread_count":0},"type":"conversation_created"}
Processing Message Type: conversation_created
Received WS Message: {"conversation_id":1,"messages":null,"type":"messages"}
Processing Message Type: messages
Received WS Message: {"message":{"id":1,"conversation_id":1,"sender_id":1,"sender_username":"Leon","content":"llo","created_at":"2025-12-22T17:48:32.518475Z"},"type":"new_message"}
Received WS Message: {"message":{"id":1,"conversation_id":1,"sender_id":1,"sender_username":"Leon","content":"llo","created_at":"2025-12-22T17:48:32.518475Z"},"type":"new_message"}
Processing Message Type: new_message
Processing Message Type: new_message
Received WS Message: {"conversation":{"id":2,"is_group":false,"created_at":"0001-01-01T00:00:00Z","unread_count":0},"type":"conversation_created"}
Processing Message Type: conversation_created
Received WS Message: {"conversation_id":2,"messages":null,"type":"messages"}
Processing Message Type: messages
Received WS Message: {"message":{"id":2,"conversation_id":2,"sender_id":3,"sender_username":"Leon2","content":"Leon","created_at":"2025-12-22T17:51:30.652006Z"},"type":"new_message"}
Received WS Message: {"message":{"id":2,"conversation_id":2,"sender_id":3,"sender_username":"Leon2","content":"Leon","created_at":"2025-12-22T17:51:30.652006Z"},"type":"new_message"}
Processing Message Type: new_message
Processing Message Type: new_message
Received WS Message: {"message":{"id":3,"conversation_id":1,"sender_id":1,"sender_username":"Leon","content":"Leon","created_at":"2025-12-22T17:51:35.254649Z"},"type":"new_message"}
Processing Message Type: new_message
Received WS Message: {"message":{"id":3,"conversation_id":1,"sender_id":1,"sender_username":"Leon","content":"Leon","created_at":"2025-12-22T17:51:35.254649Z"},"type":"new_message"}
Processing Message Type: new_message
Dialing WebSocket: ws://localhost:3567/ws
WebSocket Connected successfully to ws://localhost:3567/ws
Received WS Message: {"conversations":[{"id":2,"is_group":false,"created_at":"2025-12-22T17:51:23.932507Z","unread_count":1},{"id":1,"is_group":false,"created_at":"2025-12-22T17:48:14.291158Z","unread_count":2}],"type":"auth_success","user_id":1,"username":"Leon"}
Processing Message Type: auth_success
Dialing WebSocket: ws://localhost:3567/ws
WebSocket Connected successfully to ws://localhost:3567/ws
Received WS Message: {"conversations":[{"id":2,"is_group":false,"created_at":"2025-12-22T17:51:23.932507Z","unread_count":1},{"id":1,"is_group":false,"created_at":"2025-12-22T17:48:14.291158Z","unread_count":2}],"type":"auth_success","user_id":3,"username":"Leon2"}
Processing Message Type: auth_success
Received WS Message: {"conversation_id":2,"messages":[{"id":2,"conversation_id":2,"sender_id":3,"sender_username":"Leon2","content":"Leon","created_at":"2025-12-22T17:51:30.652006Z"}],"type":"messages"}
Processing Message Type: messages
Received WS Message: {"conversation_id":2,"messages":[{"id":2,"conversation_id":2,"sender_id":3,"sender_username":"Leon2","content":"Leon","created_at":"2025-12-22T17:51:30.652006Z"}],"type":"messages"}
Processing Message Type: messages
Received WS Message: {"message":{"id":4,"conversation_id":2,"sender_id":1,"sender_username":"Leon","content":"hello","created_at":"2025-12-22T17:55:34.61012Z"},"type":"new_message"}
Received WS Message: {"message":{"id":4,"conversation_id":2,"sender_id":1,"sender_username":"Leon","content":"hello","created_at":"2025-12-22T17:55:34.61012Z"},"type":"new_message"}
Processing Message Type: new_message
Processing Message Type: new_message
Received WS Message: {"message":{"id":5,"conversation_id":2,"sender_id":3,"sender_username":"Leon2","content":"hello","created_at":"2025-12-22T17:55:39.797307Z"},"type":"new_message"}
Processing Message Type: new_message
Received WS Message: {"message":{"id":5,"conversation_id":2,"sender_id":3,"sender_username":"Leon2","content":"hello","created_at":"2025-12-22T17:55:39.797307Z"},"type":"new_message"}
Processing Message Type: new_message
Received WS Message: {"conversation_id":1,"messages":[{"id":1,"conversation_id":1,"sender_id":1,"sender_username":"Leon","content":"llo","created_at":"2025-12-22T17:48:32.518475Z"},{"id":3,"conversation_id":1,"sender_id":1,"sender_username":"Leon","content":"Leon","created_at":"2025-12-22T17:51:35.254649Z"}],"type":"messages"}
Processing Message Type: messages
Received WS Message: {"conversation_id":2,"messages":[{"id":2,"conversation_id":2,"sender_id":3,"sender_username":"Leon2","content":"Leon","created_at":"2025-12-22T17:51:30.652006Z"},{"id":4,"conversation_id":2,"sender_id":1,"sender_username":"Leon","content":"hello","created_at":"2025-12-22T17:55:34.61012Z"},{"id":5,"conversation_id":2,"sender_id":3,"sender_username":"Leon2","content":"hello","created_at":"2025-12-22T17:55:39.797307Z"}],"type":"messages"}
Processing Message Type: messages
Dialing WebSocket: ws://localhost:3567/ws
WebSocket Connected successfully to ws://localhost:3567/ws
Key pressed: "L" | User: "" | Pass: ""
Key pressed: "e" | User: "L" | Pass: ""
Key pressed: "o" | User: "Le" | Pass: ""
Key pressed: "n" | User: "Leo" | Pass: ""
Key pressed: "tab" | User: "Leon" | Pass: ""
Key pressed: "L" | User: "Leon" | Pass: ""
Key pressed: "e" | User: "Leon" | Pass: "L"
Key pressed: "o" | User: "Leon" | Pass: "Le"
Key pressed: "n" | User: "Leon" | Pass: "Leo"
Key pressed: "enter" | User: "Leon" | Pass: "Leon"
Enter pressed. Values valid? true
Attempting auth: Action=login User=Leon
Received WS Message: {"conversations":[{"id":2,"is_group":false,"created_at":"2025-12-22T17:51:23.932507Z","unread_count":2},{"id":1,"is_group":false,"created_at":"2025-12-22T17:48:14.291158Z","unread_count":2}],"type":"auth_success","user_id":1,"username":"Leon"}
Processing Message Type: auth_success
Received WS Message: {"conversation_id":1,"messages":[{"id":1,"conversation_id":1,"sender_id":1,"sender_username":"Leon","content":"llo","created_at":"2025-12-22T17:48:32.518475Z"},{"id":3,"conversation_id":1,"sender_id":1,"sender_username":"Leon","content":"Leon","created_at":"2025-12-22T17:51:35.254649Z"}],"type":"messages"}
Processing Message Type: messages
Received WS Message: {"message":{"id":6,"conversation_id":1,"sender_id":1,"sender_username":"Leon","content":"yooo wsp","created_at":"2025-12-22T18:03:19.959543Z"},"type":"new_message"}
Received WS Message: {"message":{"id":6,"conversation_id":1,"sender_id":1,"sender_username":"Leon","content":"yooo wsp","created_at":"2025-12-22T18:03:19.959543Z"},"type":"new_message"}
Processing Message Type: new_message
Processing Message Type: new_message
Received WS Message: {"conversation_id":2,"messages":[{"id":2,"conversation_id":2,"sender_id":3,"sender_username":"Leon2","content":"Leon","created_at":"2025-12-22T17:51:30.652006Z"},{"id":4,"conversation_id":2,"sender_id":1,"sender_username":"Leon","content":"hello","created_at":"2025-12-22T17:55:34.61012Z"},{"id":5,"conversation_id":2,"sender_id":3,"sender_username":"Leon2","content":"hello","created_at":"2025-12-22T17:55:39.797307Z"}],"type":"messages"}
Processing Message Type: messages
Received WS Message: {"message":{"id":7,"conversation_id":2,"sender_id":1,"sender_username":"Leon","content":"yoo wsp nigga","created_at":"2025-12-22T18:03:33.06869Z"},"type":"new_message"}
Received WS Message: {"message":{"id":7,"conversation_id":2,"sender_id":1,"sender_username":"Leon","content":"yoo wsp nigga","created_at":"2025-12-22T18:03:33.06869Z"},"type":"new_message"}
Processing Message Type: new_message
Processing Message Type: new_message
Received WS Message: {"message":{"id":8,"conversation_id":2,"sender_id":1,"sender_username":"Leon","content":"i mean this shit pretty cool eyyy ","created_at":"2025-12-22T18:03:40.600239Z"},"type":"new_message"}
Processing Message Type: new_message
Received WS Message: {"message":{"id":8,"conversation_id":2,"sender_id":1,"sender_username":"Leon","content":"i mean this shit pretty cool eyyy ","created_at":"2025-12-22T18:03:40.600239Z"},"type":"new_message"}
Processing Message Type: new_message
Received WS Message: {"message":{"id":9,"conversation_id":2,"sender_id":1,"sender_username":"Leon","content":"like whtis a whole godamn chat in the terminal","created_at":"2025-12-22T18:03:53.450487Z"},"type":"new_message"}
Received WS Message: {"message":{"id":9,"conversation_id":2,"sender_id":1,"sender_username":"Leon","content":"like whtis a whole godamn chat in the terminal","created_at":"2025-12-22T18:03:53.450487Z"},"type":"new_message"}
Processing Message Type: new_message
Processing Message Type: new_message
WebSocket Connection Error (Count: 0): websocket: close 1006 (abnormal closure): unexpected EOF
WebSocket Connection Error (Count: 0): websocket: close 1006 (abnormal closure): unexpected EOF
Dialing WebSocket: ws://localhost:3567/ws
Dialing WebSocket: ws://localhost:3567/ws
WebSocket Connected successfully to ws://localhost:3567/ws
WebSocket Connected successfully to ws://localhost:3567/ws
Received WS Message: {"conversations":[{"id":2,"is_group":false,"created_at":"2025-12-22T17:51:23.932507Z","unread_count":3},{"id":1,"is_group":false,"created_at":"2025-12-22T17:48:14.291158Z","unread_count":1}],"type":"auth_success","user_id":3,"username":"Leon2"}
Processing Message Type: auth_success
WebSocket Connection Error (Count: 1): websocket: close 1006 (abnormal closure): unexpected EOF
WebSocket Connection Error (Count: 1): websocket: close 1006 (abnormal closure): unexpected EOF
Dialing WebSocket: ws://localhost:3567/ws
Dialing WebSocket: ws://localhost:3567/ws
WebSocket Connected successfully to ws://localhost:3567/ws
WebSocket Connected successfully to ws://localhost:3567/ws
Received WS Message: {"conversations":[{"id":2,"is_group":false,"created_at":"2025-12-22T17:51:23.932507Z","unread_count":3},{"id":1,"is_group":false,"created_at":"2025-12-22T17:48:14.291158Z","unread_count":1}],"type":"auth_success","user_id":3,"username":"Leon2"}
Processing Message Type: auth_success
Key pressed: "backspace" | Server: "ws://localhost:3567/ws" | User: "" | Pass: ""
Key pressed: "backspace" | Server: "ws://localhost:3567/w" | User: "" | Pass: ""
Key pressed: "backspace" | Server: "ws://localhost:3567/" | User: "" | Pass: ""
Key pressed: "backspace" | Server: "ws://localhost:3567" | User: "" | Pass: ""
Key pressed: "backspace" | Server: "ws://localhost:356" | User: "" | Pass: ""
Key pressed: "backspace" | Server: "ws://localhost:35" | User: "" | Pass: ""
Key pressed: "backspace" | Server: "ws://localhost:3" | User: "" | Pass: ""
Key pressed: "backspace" | Server: "ws://localhost:" | User: "" | Pass: ""
Key pressed: "backspace" | Server: "ws://localhost" | User: "" | Pass: ""
Key pressed: "backspace" | Server: "ws://localhos" | User: "" | Pass: ""
Key pressed: "backspace" | Server: "ws://localho" | User: "" | Pass: ""
Key pressed: "backspace" | Server: "ws://localh" | User: "" | Pass: ""
Key pressed: "backspace" | Server: "ws://local" | User: "" | Pass: ""
Key pressed: "backspace" | Server: "ws://loca" | User: "" | Pass: ""
Key pressed: "backspace" | Server: "ws://loc" | User: "" | Pass: ""
Key pressed: "backspace" | Server: "ws://lo" | User: "" | Pass: ""
Key pressed: "backspace" | Server: "ws://l" | User: "" | Pass: ""
Key pressed: "backspace" | Server: "ws://" | User: "" | Pass: ""
Key pressed: "backspace" | Server: "ws:/" | User: "" | Pass: ""
Key pressed: "backspace" | Server: "ws:" | User: "" | Pass: ""
Key pressed: "backspace" | Server: "ws" | User: "" | Pass: ""
Key pressed: "backspace" | Server: "w" | User: "" | Pass: ""
Key pressed: "backspace" | Server: "" | User: "" | Pass: ""
Key pressed: "backspace" | Server: "" | User: "" | Pass: ""
Key pressed: "backspace" | Server: "" | User: "" | Pass: ""
Key pressed: "backspace" | Server: "" | User: "" | Pass: ""
Key pressed: "backspace" | Server: "" | User: "" | Pass: ""
Key pressed: "backspace" | Server: "" | User: "" | Pass: ""
Key pressed: "backspace" | Server: "" | User: "" | Pass: ""
Key pressed: "backspace" | Server: "" | User: "" | Pass: ""
Key pressed: "backspace" | Server: "" | User: "" | Pass: ""
Key pressed: "backspace" | Server: "" | User: "" | Pass: ""
Key pressed: "backspace" | Server: "" | User: "" | Pass: ""
Key pressed: "backspace" | Server: "" | User: "" | Pass: ""
Key pressed: "right" | Server: "" | User: "" | Pass: ""
Key pressed: "h" | Server: "" | User: "" | Pass: ""
Key pressed: "t" | Server: "h" | User: "" | Pass: ""
Key pressed: "backspace" | Server: "ht" | User: "" | Pass: ""
Key pressed: "backspace" | Server: "h" | User: "" | Pass: ""
Key pressed: "h" | Server: "" | User: "" | Pass: ""
Key pressed: "t" | Server: "h" | User: "" | Pass: ""
Key pressed: "t" | Server: "ht" | User: "" | Pass: ""
Key pressed: "p" | Server: "htt" | User: "" | Pass: ""
Key pressed: "s" | Server: "http" | User: "" | Pass: ""
Key pressed: ">" | Server: "https" | User: "" | Pass: ""
Key pressed: "backspace" | Server: "https>" | User: "" | Pass: ""
Key pressed: ":" | Server: "https" | User: "" | Pass: ""
Key pressed: "/" | Server: "https:" | User: "" | Pass: ""
Key pressed: "/" | Server: "https:/" | User: "" | Pass: ""
Key pressed: "c" | Server: "https://" | User: "" | Pass: ""
Key pressed: "l" | Server: "https://c" | User: "" | Pass: ""
Key pressed: "d" | Server: "https://cl" | User: "" | Pass: ""
Key pressed: "z" | Server: "https://cld" | User: "" | Pass: ""
Key pressed: "." | Server: "https://cldz" | User: "" | Pass: ""
Key pressed: "backspace" | Server: "https://cldz." | User: "" | Pass: ""
Key pressed: "." | Server: "https://cldz" | User: "" | Pass: ""
Key pressed: "backspace" | Server: "https://cldz." | User: "" | Pass: ""
Key pressed: "backspace" | Server: "https://cldz" | User: "" | Pass: ""
Key pressed: "z" | Server: "https://cld" | User: "" | Pass: ""
Key pressed: "m" | Server: "https://cldz" | User: "" | Pass: ""
Key pressed: "s" | Server: "https://cldzm" | User: "" | Pass: ""
Key pressed: "g" | Server: "https://cldzms" | User: "" | Pass: ""
Key pressed: "." | Server: "https://cldzmsg" | User: "" | Pass: ""
Key pressed: "c" | Server: "https://cldzmsg." | User: "" | Pass: ""
Key pressed: "l" | Server: "https://cldzmsg.c" | User: "" | Pass: ""
Key pressed: "o" | Server: "https://cldzmsg.cl" | User: "" | Pass: ""
Key pressed: "u" | Server: "https://cldzmsg.clo" | User: "" | Pass: ""
Key pressed: "d" | Server: "https://cldzmsg.clou" | User: "" | Pass: ""
Key pressed: "z" | Server: "https://cldzmsg.cloud" | User: "" | Pass: ""
Key pressed: "z" | Server: "https://cldzmsg.cloudz" | User: "" | Pass: ""
Key pressed: "." | Server: "https://cldzmsg.cloudzz" | User: "" | Pass: ""
Key pressed: "d" | Server: "https://cldzmsg.cloudzz." | User: "" | Pass: ""
Key pressed: "e" | Server: "https://cldzmsg.cloudzz.d" | User: "" | Pass: ""
Key pressed: "v" | Server: "https://cldzmsg.cloudzz.de" | User: "" | Pass: ""
Key pressed: "down" | Server: "https://cldzmsg.cloudzz.dev" | User: "" | Pass: ""
Key pressed: "tab" | Server: "https://cldzmsg.cloudzz.dev" | User: "" | Pass: ""
Key pressed: "L" | Server: "https://cldzmsg.cloudzz.dev" | User: "" | Pass: ""
Key pressed: "e" | Server: "https://cldzmsg.cloudzz.dev" | User: "L" | Pass: ""
Key pressed: "o" | Server: "https://cldzmsg.cloudzz.dev" | User: "Le" | Pass: ""
Key pressed: "n" | Server: "https://cldzmsg.cloudzz.dev" | User: "Leo" | Pass: ""
Key pressed: "tab" | Server: "https://cldzmsg.cloudzz.dev" | User: "Leon" | Pass: ""
Key pressed: "L" | Server: "https://cldzmsg.cloudzz.dev" | User: "Leon" | Pass: ""
Key pressed: "e" | Server: "https://cldzmsg.cloudzz.dev" | User: "Leon" | Pass: "L"
Key pressed: "o" | Server: "https://cldzmsg.cloudzz.dev" | User: "Leon" | Pass: "Le"
Key pressed: "n" | Server: "https://cldzmsg.cloudzz.dev" | User: "Leon" | Pass: "Leo"
Key pressed: "enter" | Server: "https://cldzmsg.cloudzz.dev" | User: "Leon" | Pass: "Leon"
Enter pressed. Values valid? true
Attempting auth: Server=https://cldzmsg.cloudzz.dev Action=login User=Leon
Dialing WebSocket: https://cldzmsg.cloudzz.dev
WebSocket Connection Error (Count: 0): malformed ws or wss URL
Dialing WebSocket: https://cldzmsg.cloudzz.dev
WebSocket Connection Error (Count: 1): malformed ws or wss URL
Dialing WebSocket: https://cldzmsg.cloudzz.dev
WebSocket Connection Error (Count: 2): malformed ws or wss URL
Key pressed: "enter" | Server: "https://cldzmsg.cloudzz.dev" | User: "Leon" | Pass: "Leon"
Enter pressed. Values valid? true
Attempting auth: Server=https://cldzmsg.cloudzz.dev Action=login User=Leon
Dialing WebSocket: https://cldzmsg.cloudzz.dev
WebSocket Connection Error (Count: 3): malformed ws or wss URL
Key pressed: "enter" | Server: "https://cldzmsg.cloudzz.dev" | User: "Leon" | Pass: "Leon"
Enter pressed. Values valid? true
Attempting auth: Server=https://cldzmsg.cloudzz.dev Action=login User=Leon
Dialing WebSocket: https://cldzmsg.cloudzz.dev
WebSocket Connection Error (Count: 4): malformed ws or wss URL
Key pressed: "enter" | Server: "https://cldzmsg.cloudzz.dev" | User: "Leon" | Pass: "Leon"
Enter pressed. Values valid? true
Attempting auth: Server=https://cldzmsg.cloudzz.dev Action=login User=Leon
Dialing WebSocket: https://cldzmsg.cloudzz.dev
WebSocket Connection Error (Count: 5): malformed ws or wss URL
Key pressed: "enter" | Server: "https://cldzmsg.cloudzz.dev" | User: "Leon" | Pass: "Leon"
Enter pressed. Values valid? true
Attempting auth: Server=https://cldzmsg.cloudzz.dev Action=login User=Leon
Dialing WebSocket: https://cldzmsg.cloudzz.dev
WebSocket Connection Error (Count: 5): malformed ws or wss URL
Dialing WebSocket: https://cldzmsg.cloudzz.dev
WebSocket Connection Error (Count: 5): malformed ws or wss URL
Key pressed: "esc" | Server: "https://cldzmsg.cloudzz.dev" | User: "Leon" | Pass: "Leon"
Key pressed: "esc" | Server: "https://cldzmsg.cloudzz.dev" | User: "Leon" | Pass: "Leon"
Key pressed: "esc" | Server: "https://cldzmsg.cloudzz.dev" | User: "Leon" | Pass: "Leon"
Dialing WebSocket: https://cldzmsg.cloudzz.dev
WebSocket Connection Error (Count: 5): malformed ws or wss URL
Key pressed: "esc" | Server: "https://cldzmsg.cloudzz.dev" | User: "Leon" | Pass: "Leon"
Dialing WebSocket: https://cldzmsg.cloudzz.dev
WebSocket Connection Error (Count: 5): malformed ws or wss URL
Key pressed: "=" | Server: "ws://localhost:3567/ws" | User: "" | Pass: ""
Key pressed: "backspace" | Server: "ws://localhost:3567/ws=" | User: "" | Pass: ""
Key pressed: "tab" | Server: "ws://localhost:3567/ws" | User: "" | Pass: ""
Key pressed: "L" | Server: "ws://localhost:3567/ws" | User: "" | Pass: ""
Key pressed: "E" | Server: "ws://localhost:3567/ws" | User: "L" | Pass: ""
Key pressed: "o" | Server: "ws://localhost:3567/ws" | User: "LE" | Pass: ""
Key pressed: "n" | Server: "ws://localhost:3567/ws" | User: "LEo" | Pass: ""
Key pressed: "backspace" | Server: "ws://localhost:3567/ws" | User: "LEon" | Pass: ""
Key pressed: "backspace" | Server: "ws://localhost:3567/ws" | User: "LEo" | Pass: ""
Key pressed: "backspace" | Server: "ws://localhost:3567/ws" | User: "LE" | Pass: ""
Key pressed: "e" | Server: "ws://localhost:3567/ws" | User: "L" | Pass: ""
Key pressed: "o" | Server: "ws://localhost:3567/ws" | User: "Le" | Pass: ""
Key pressed: "n" | Server: "ws://localhost:3567/ws" | User: "Leo" | Pass: ""
Key pressed: "tab" | Server: "ws://localhost:3567/ws" | User: "Leon" | Pass: ""
Key pressed: "L" | Server: "ws://localhost:3567/ws" | User: "Leon" | Pass: ""
Key pressed: "E" | Server: "ws://localhost:3567/ws" | User: "Leon" | Pass: "L"
Key pressed: "o" | Server: "ws://localhost:3567/ws" | User: "Leon" | Pass: "LE"
Key pressed: "n" | Server: "ws://localhost:3567/ws" | User: "Leon" | Pass: "LEo"
Key pressed: "enter" | Server: "ws://localhost:3567/ws" | User: "Leon" | Pass: "LEon"
Enter pressed. Values valid? true
Attempting auth: Server=ws://localhost:3567/ws Action=login User=Leon
Dialing WebSocket: ws://localhost:3567/ws
WebSocket Connected successfully to ws://localhost:3567/ws
Received WS Message: {"error":"crypto/bcrypt: hashedPassword is not the hash of the given password","type":"auth_error"}
Processing Message Type: auth_error
Key pressed: "backspace" | Server: "ws://localhost:3567/ws" | User: "Leon" | Pass: "LEon"
Key pressed: "backspace" | Server: "ws://localhost:3567/ws" | User: "Leon" | Pass: "LEo"
Key pressed: "backspace" | Server: "ws://localhost:3567/ws" | User: "Leon" | Pass: "LE"
Key pressed: "backspace" | Server: "ws://localhost:3567/ws" | User: "Leon" | Pass: "L"
Key pressed: "backspace" | Server: "ws://localhost:3567/ws" | User: "Leon" | Pass: ""
Key pressed: "l" | Server: "ws://localhost:3567/ws" | User: "Leon" | Pass: ""
Key pressed: "backspace" | Server: "ws://localhost:3567/ws" | User: "Leon" | Pass: "l"
Key pressed: "backspace" | Server: "ws://localhost:3567/ws" | User: "Leon" | Pass: ""
Key pressed: "L" | Server: "ws://localhost:3567/ws" | User: "Leon" | Pass: ""
Key pressed: "e" | Server: "ws://localhost:3567/ws" | User: "Leon" | Pass: "L"
Key pressed: "o" | Server: "ws://localhost:3567/ws" | User: "Leon" | Pass: "Le"
Key pressed: "n" | Server: "ws://localhost:3567/ws" | User: "Leon" | Pass: "Leo"
Key pressed: "enter" | Server: "ws://localhost:3567/ws" | User: "Leon" | Pass: "Leon"
Enter pressed. Values valid? true
Attempting auth: Server=ws://localhost:3567/ws Action=login User=Leon
Dialing WebSocket: ws://localhost:3567/ws
WebSocket Connected successfully to ws://localhost:3567/ws
Received WS Message: {"conversations":[{"id":2,"is_group":false,"created_at":"2025-12-22T17:51:23.932507Z","unread_count":3},{"id":1,"is_group":false,"created_at":"2025-12-22T17:48:14.291158Z","unread_count":1}],"type":"auth_success","user_id":1,"username":"Leon"}
Processing Message Type: auth_success
Received WS Message: {"conversation_id":2,"messages":[{"id":2,"conversation_id":2,"sender_id":3,"sender_username":"Leon2","content":"Leon","created_at":"2025-12-22T17:51:30.652006Z"},{"id":4,"conversation_id":2,"sender_id":1,"sender_username":"Leon","content":"hello","created_at":"2025-12-22T17:55:34.61012Z"},{"id":5,"conversation_id":2,"sender_id":3,"sender_username":"Leon2","content":"hello","created_at":"2025-12-22T17:55:39.797307Z"},{"id":7,"conversation_id":2,"sender_id":1,"sender_username":"Leon","content":"yoo wsp nigga","created_at":"2025-12-22T18:03:33.06869Z"},{"id":8,"conversation_id":2,"sender_id":1,"sender_username":"Leon","content":"i mean this shit pretty cool eyyy ","created_at":"2025-12-22T18:03:40.600239Z"},{"id":9,"conversation_id":2,"sender_id":1,"sender_username":"Leon","content":"like whtis a whole godamn chat in the terminal","created_at":"2025-12-22T18:03:53.450487Z"}],"type":"messages"}
Processing Message Type: messages
Received WS Message: {"conversation_id":1,"messages":[{"id":1,"conversation_id":1,"sender_id":1,"sender_username":"Leon","content":"llo","created_at":"2025-12-22T17:48:32.518475Z"},{"id":3,"conversation_id":1,"sender_id":1,"sender_username":"Leon","content":"Leon","created_at":"2025-12-22T17:51:35.254649Z"},{"id":6,"conversation_id":1,"sender_id":1,"sender_username":"Leon","content":"yooo wsp","created_at":"2025-12-22T18:03:19.959543Z"}],"type":"messages"}
Processing Message Type: messages
Received WS Message: {"conversation_id":1,"type":"typing","user_id":1,"username":"Leon"}
Processing Message Type: typing
Received WS Message: {"conversation_id":1,"type":"typing","user_id":1,"username":"Leon"}
Processing Message Type: typing
Received WS Message: {"conversation_id":1,"type":"typing","user_id":1,"username":"Leon"}
Processing Message Type: typing
Received WS Message: {"conversation_id":1,"type":"typing","user_id":1,"username":"Leon"}
Processing Message Type: typing
Received WS Message: {"conversation_id":1,"type":"typing","user_id":1,"username":"Leon"}
Processing Message Type: typing
